Log file created
[17/03/2024 03:36:47] [C:\Users\UseR\AppData\Roaming\Python\Python312\site-packages\uvicorn\config.py:359] [INFO] - Will watch for changes in these directories: ['C:\\Users\\UseR\\Desktop\\development\\tata_chatbot\\backend']
[17/03/2024 03:36:47] [C:\Users\UseR\AppData\Roaming\Python\Python312\site-packages\uvicorn\config.py:585] [INFO] - Uvicorn running on http://0.0.0.0:5000 (Press CTRL+C to quit)
[17/03/2024 03:36:47] [C:\Users\UseR\AppData\Roaming\Python\Python312\site-packages\uvicorn\supervisors\basereload.py:72] [INFO] - Started reloader process [19332] using StatReload
[17/03/2024 03:36:48] [C:\Users\UseR\AppData\Roaming\Python\Python312\site-packages\uvicorn\server.py:75] [INFO] - Started server process [22236]
[17/03/2024 03:36:48] [C:\Users\UseR\AppData\Roaming\Python\Python312\site-packages\uvicorn\lifespan\on.py:47] [INFO] - Waiting for application startup.
[17/03/2024 03:36:48] [C:\Users\UseR\AppData\Roaming\Python\Python312\site-packages\uvicorn\lifespan\on.py:61] [INFO] - Application startup complete.
[17/03/2024 03:38:15] [C:\Users\UseR\AppData\Roaming\Python\Python312\site-packages\uvicorn\server.py:253] [INFO] - Shutting down
[17/03/2024 03:38:15] [C:\Users\UseR\AppData\Roaming\Python\Python312\site-packages\uvicorn\server.py:85] [INFO] - Finished server process [22236]
[17/03/2024 03:38:15] [C:\Users\UseR\AppData\Roaming\Python\Python312\site-packages\uvicorn\lifespan\on.py:134] [ERROR] - Traceback (most recent call last):
  File "C:\Users\UseR\AppData\Roaming\Python\Python312\site-packages\starlette\routing.py", line 686, in lifespan
    await receive()
  File "C:\Users\UseR\AppData\Roaming\Python\Python312\site-packages\uvicorn\lifespan\on.py", line 137, in receive
    return await self.receive_queue.get()
           ^^^^^^^^^^^^^^^^^^^^^^^^^^^^^^
  File "C:\ProgramData\anaconda3\envs\tata_chatbot\Lib\asyncio\queues.py", line 158, in get
    await getter
asyncio.exceptions.CancelledError

[17/03/2024 03:38:15] [C:\Users\UseR\AppData\Roaming\Python\Python312\site-packages\uvicorn\supervisors\basereload.py:103] [INFO] - Stopping reloader process [19332]
[17/03/2024 03:58:23] [C:\Users\UseR\AppData\Roaming\Python\Python312\site-packages\uvicorn\config.py:359] [INFO] - Will watch for changes in these directories: ['C:\\Users\\UseR\\Desktop\\development\\tata_chatbot\\backend']
[17/03/2024 03:58:23] [C:\Users\UseR\AppData\Roaming\Python\Python312\site-packages\uvicorn\config.py:585] [INFO] - Uvicorn running on http://0.0.0.0:5000 (Press CTRL+C to quit)
[17/03/2024 03:58:23] [C:\Users\UseR\AppData\Roaming\Python\Python312\site-packages\uvicorn\supervisors\basereload.py:72] [INFO] - Started reloader process [23728] using StatReload
[17/03/2024 03:58:24] [C:\Users\UseR\AppData\Roaming\Python\Python312\site-packages\uvicorn\server.py:75] [INFO] - Started server process [21884]
[17/03/2024 03:58:24] [C:\Users\UseR\AppData\Roaming\Python\Python312\site-packages\uvicorn\lifespan\on.py:47] [INFO] - Waiting for application startup.
[17/03/2024 03:58:24] [C:\Users\UseR\AppData\Roaming\Python\Python312\site-packages\uvicorn\lifespan\on.py:61] [INFO] - Application startup complete.
[17/03/2024 03:59:13] [C:\Users\UseR\AppData\Roaming\Python\Python312\site-packages\uvicorn\server.py:253] [INFO] - Shutting down
[17/03/2024 03:59:13] [C:\Users\UseR\AppData\Roaming\Python\Python312\site-packages\uvicorn\supervisors\basereload.py:103] [INFO] - Stopping reloader process [23728]
[17/03/2024 03:59:15] [C:\Users\UseR\AppData\Roaming\Python\Python312\site-packages\uvicorn\config.py:359] [INFO] - Will watch for changes in these directories: ['C:\\Users\\UseR\\Desktop\\development\\tata_chatbot\\backend']
[17/03/2024 03:59:15] [C:\Users\UseR\AppData\Roaming\Python\Python312\site-packages\uvicorn\config.py:585] [INFO] - Uvicorn running on http://0.0.0.0:5000 (Press CTRL+C to quit)
[17/03/2024 03:59:15] [C:\Users\UseR\AppData\Roaming\Python\Python312\site-packages\uvicorn\supervisors\basereload.py:72] [INFO] - Started reloader process [18360] using StatReload
[17/03/2024 03:59:15] [C:\Users\UseR\AppData\Roaming\Python\Python312\site-packages\uvicorn\server.py:75] [INFO] - Started server process [17128]
[17/03/2024 03:59:15] [C:\Users\UseR\AppData\Roaming\Python\Python312\site-packages\uvicorn\lifespan\on.py:47] [INFO] - Waiting for application startup.
[17/03/2024 03:59:15] [C:\Users\UseR\AppData\Roaming\Python\Python312\site-packages\uvicorn\lifespan\on.py:61] [INFO] - Application startup complete.
[17/03/2024 04:00:38] [C:\Users\UseR\AppData\Roaming\Python\Python312\site-packages\uvicorn\supervisors\basereload.py:47] [WARNING] - StatReload detected changes in 'main.py'. Reloading...
[17/03/2024 04:00:38] [C:\Users\UseR\AppData\Roaming\Python\Python312\site-packages\uvicorn\server.py:75] [INFO] - Started server process [23940]
[17/03/2024 04:00:38] [C:\Users\UseR\AppData\Roaming\Python\Python312\site-packages\uvicorn\lifespan\on.py:47] [INFO] - Waiting for application startup.
[17/03/2024 04:00:38] [C:\Users\UseR\AppData\Roaming\Python\Python312\site-packages\uvicorn\lifespan\on.py:61] [INFO] - Application startup complete.
